===== RUNNING PVHSS-RH TESTS =====
Starting tests at Mon Mar 24 10:39:49 CST 2025
Results will be saved in ./results/
Running all subprojects in sequence...
Running RLWEHSS...
Test completed. Results saved to ./results/RLWEHSS_20250324_103949.txt
---------------------------------
Running RLWEPi1...
./runall.sh: line 20: 46691 Killed: 9               $BUILD_DIR/$project_name/$project_name >> $output_file 2>&1
Test completed. Results saved to ./results/RLWEPi1_20250324_103949.txt
---------------------------------
Running RLWEPi2...
Test completed. Results saved to ./results/RLWEPi2_20250324_103949.txt
---------------------------------
===== ALL TESTS COMPLETED =====
Test results are saved in ./results/
Summary generated at ./results/summary_20250324_103949.txt
===== RUNNING PVHSS-RH TESTS =====
Starting tests at Mon Mar 24 17:02:22 CST 2025
Results will be saved in ./results/
Running all subprojects in sequence...
Running CZ23...
Test completed. Results saved to ./results/CZ23_20250324_170222.txt
---------------------------------
===== ALL TESTS COMPLETED =====
Test results are saved in ./results/
Summary generated at ./results/summary_20250324_170222.txt
===== RUNNING PVHSS-RH TESTS =====
Starting tests at Tue Mar 25 08:56:55 CST 2025
Results will be saved in ./results/
Running all subprojects in sequence...
Running CZ23...
./runall.sh: line 20: 63033 Abort trap: 6           $BUILD_DIR/$project_name/$project_name >> $output_file 2>&1
Test completed. Results saved to ./results/CZ23_20250325_085655.txt
---------------------------------
===== ALL TESTS COMPLETED =====
Test results are saved in ./results/
Summary generated at ./results/summary_20250325_085655.txt
